[2017-02-17 12:46:47.932] [INFO] cheese - Listening on port 3000
[2017-02-17 12:46:48.032] [INFO] cheese - Mongoose default connection open to mongodb://huangxiaoxu:huangxiaoxu@139.196.83.10:26117/zrxlaw
[2017-02-17 12:46:58.907] [INFO] cheese - 

Started 2017-02-17T04:46:58.907Z GET / ::1
[2017-02-17 12:46:58.937] [INFO] cheese - Completed 304 undefined
[2017-02-17 12:46:58.967] [INFO] cheese - 

Started 2017-02-17T04:46:58.967Z GET /css/google-font.css ::1
[2017-02-17 12:46:58.968] [INFO] cheese - 

Started 2017-02-17T04:46:58.968Z GET /css/animate.css ::1
[2017-02-17 12:46:58.968] [INFO] cheese - 

Started 2017-02-17T04:46:58.968Z GET /css/icomoon.css ::1
[2017-02-17 12:46:58.969] [INFO] cheese - 

Started 2017-02-17T04:46:58.969Z GET /css/simple-line-icons.css ::1
[2017-02-17 12:46:58.971] [INFO] cheese - Completed 304 undefined
[2017-02-17 12:46:58.971] [INFO] cheese - Completed 304 undefined
[2017-02-17 12:46:58.972] [INFO] cheese - Completed 304 undefined
[2017-02-17 12:46:58.972] [INFO] cheese - 

Started 2017-02-17T04:46:58.972Z GET /css/bootstrap.css ::1
[2017-02-17 12:46:58.973] [INFO] cheese - 

Started 2017-02-17T04:46:58.973Z GET /css/owl.carousel.min.css ::1
[2017-02-17 12:46:58.973] [INFO] cheese - Completed 304 undefined
[2017-02-17 12:46:58.973] [INFO] cheese - 

Started 2017-02-17T04:46:58.973Z GET /css/owl.theme.default.min.css ::1
[2017-02-17 12:46:58.974] [INFO] cheese - 

Started 2017-02-17T04:46:58.974Z GET /css/style.css ::1
[2017-02-17 12:46:58.976] [INFO] cheese - Completed 304 undefined
[2017-02-17 12:46:58.977] [INFO] cheese - Completed 304 undefined
[2017-02-17 12:46:58.977] [INFO] cheese - Completed 304 undefined
[2017-02-17 12:46:58.977] [INFO] cheese - Completed 304 undefined
[2017-02-17 12:46:58.984] [INFO] cheese - 

Started 2017-02-17T04:46:58.984Z GET /js/jquery.min.js ::1
[2017-02-17 12:46:58.984] [INFO] cheese - Completed 304 undefined
[2017-02-17 12:46:58.988] [INFO] cheese - 

Started 2017-02-17T04:46:58.988Z GET /js/jquery.easing.1.3.js ::1
[2017-02-17 12:46:58.989] [INFO] cheese - Completed 304 undefined
[2017-02-17 12:46:58.994] [INFO] cheese - 

Started 2017-02-17T04:46:58.994Z GET /js/bootstrap.min.js ::1
[2017-02-17 12:46:58.995] [INFO] cheese - Completed 304 undefined
[2017-02-17 12:46:58.999] [INFO] cheese - 

Started 2017-02-17T04:46:58.999Z GET /js/jquery.waypoints.min.js ::1
[2017-02-17 12:46:59.001] [INFO] cheese - Completed 304 undefined
[2017-02-17 12:46:59.005] [INFO] cheese - 

Started 2017-02-17T04:46:59.005Z GET /js/jquery.stellar.min.js ::1
[2017-02-17 12:46:59.006] [INFO] cheese - Completed 304 undefined
[2017-02-17 12:46:59.011] [INFO] cheese - 

Started 2017-02-17T04:46:59.011Z GET /js/owl.carousel.min.js ::1
[2017-02-17 12:46:59.012] [INFO] cheese - Completed 304 undefined
[2017-02-17 12:46:59.016] [INFO] cheese - 

Started 2017-02-17T04:46:59.016Z GET /js/main.js ::1
[2017-02-17 12:46:59.017] [INFO] cheese - Completed 304 undefined
[2017-02-17 12:46:59.021] [INFO] cheese - 

Started 2017-02-17T04:46:59.021Z GET /imgs/se0.png ::1
[2017-02-17 12:46:59.022] [INFO] cheese - Completed 304 undefined
[2017-02-17 12:46:59.028] [INFO] cheese - 

Started 2017-02-17T04:46:59.028Z GET /images/img_2.jpg ::1
[2017-02-17 12:46:59.029] [INFO] cheese - Completed 304 undefined
[2017-02-17 12:46:59.034] [INFO] cheese - 

Started 2017-02-17T04:46:59.034Z GET /images/img_3.jpg ::1
[2017-02-17 12:46:59.034] [INFO] cheese - Completed 304 undefined
[2017-02-17 12:46:59.038] [INFO] cheese - 

Started 2017-02-17T04:46:59.038Z GET /images/person2.jpg ::1
[2017-02-17 12:46:59.038] [INFO] cheese - Completed 304 undefined
[2017-02-17 12:46:59.043] [INFO] cheese - 

Started 2017-02-17T04:46:59.043Z GET /images/person3.jpg ::1
[2017-02-17 12:46:59.043] [INFO] cheese - Completed 304 undefined
[2017-02-17 12:46:59.136] [INFO] cheese - 

Started 2017-02-17T04:46:59.136Z GET /images/full_image_3.jpg ::1
[2017-02-17 12:46:59.137] [INFO] cheese - Completed 304 undefined
[2017-02-17 12:46:59.138] [INFO] cheese - 

Started 2017-02-17T04:46:59.138Z GET /fonts/simple-line-icons/Simple-Line-Icons.ttf?v=2.2.2 ::1
[2017-02-17 12:46:59.139] [INFO] cheese - Completed 304 undefined
[2017-02-17 12:46:59.142] [INFO] cheese - 

Started 2017-02-17T04:46:59.142Z GET /fonts/icomoon/icomoon.ttf?srf3rx ::1
[2017-02-17 12:46:59.144] [INFO] cheese - Completed 304 undefined
[2017-02-17 12:46:59.206] [INFO] cheese - 

Started 2017-02-17T04:46:59.206Z GET /lawers ::1
[2017-02-17 12:46:59.228] [INFO] cheese - Completed 304 undefined
[2017-02-17 12:49:16.960] [INFO] cheese - Mongoose default connection disconnected
[2017-02-17 12:49:18.828] [INFO] cheese - Listening on port 3000
[2017-02-17 12:49:18.935] [INFO] cheese - Mongoose default connection open to mongodb://huangxiaoxu:huangxiaoxu@139.196.83.10:26117/zrxlaw
[2017-02-17 12:49:40.095] [INFO] cheese - Mongoose default connection disconnected
[2017-02-17 12:49:41.723] [INFO] cheese - Listening on port 3000
[2017-02-17 12:49:41.826] [INFO] cheese - Mongoose default connection open to mongodb://huangxiaoxu:huangxiaoxu@139.196.83.10:26117/zrxlaw
[2017-02-17 12:49:44.197] [INFO] cheese - 

Started 2017-02-17T04:49:44.196Z GET / ::1
[2017-02-17 12:49:44.231] [INFO] cheese - Completed 200 undefined
[2017-02-17 12:49:44.257] [INFO] cheese - 

Started 2017-02-17T04:49:44.257Z GET /css/google-font.css ::1
[2017-02-17 12:49:44.258] [INFO] cheese - 

Started 2017-02-17T04:49:44.258Z GET /css/animate.css ::1
[2017-02-17 12:49:44.259] [INFO] cheese - 

Started 2017-02-17T04:49:44.259Z GET /css/icomoon.css ::1
[2017-02-17 12:49:44.259] [INFO] cheese - 

Started 2017-02-17T04:49:44.259Z GET /css/simple-line-icons.css ::1
[2017-02-17 12:49:44.263] [INFO] cheese - 

Started 2017-02-17T04:49:44.263Z GET /css/bootstrap.css ::1
[2017-02-17 12:49:44.264] [INFO] cheese - 

Started 2017-02-17T04:49:44.264Z GET /css/owl.carousel.min.css ::1
[2017-02-17 12:49:44.268] [INFO] cheese - Completed 200 undefined
[2017-02-17 12:49:44.270] [INFO] cheese - Completed 200 undefined
[2017-02-17 12:49:44.271] [INFO] cheese - Completed 200 undefined
[2017-02-17 12:49:44.272] [INFO] cheese - Completed 200 undefined
[2017-02-17 12:49:44.272] [INFO] cheese - Completed 200 undefined
[2017-02-17 12:49:44.273] [INFO] cheese - 

Started 2017-02-17T04:49:44.273Z GET /css/owl.theme.default.min.css ::1
[2017-02-17 12:49:44.274] [INFO] cheese - 

Started 2017-02-17T04:49:44.274Z GET /css/style.css ::1
[2017-02-17 12:49:44.276] [INFO] cheese - Completed 200 undefined
[2017-02-17 12:49:44.277] [INFO] cheese - Completed 200 undefined
[2017-02-17 12:49:44.277] [INFO] cheese - Completed 200 undefined
[2017-02-17 12:49:44.283] [INFO] cheese - 

Started 2017-02-17T04:49:44.283Z GET /js/jquery.min.js ::1
[2017-02-17 12:49:44.285] [INFO] cheese - Completed 200 undefined
[2017-02-17 12:49:44.290] [INFO] cheese - 

Started 2017-02-17T04:49:44.290Z GET /js/jquery.easing.1.3.js ::1
[2017-02-17 12:49:44.291] [INFO] cheese - Completed 200 undefined
[2017-02-17 12:49:44.296] [INFO] cheese - 

Started 2017-02-17T04:49:44.296Z GET /js/bootstrap.min.js ::1
[2017-02-17 12:49:44.297] [INFO] cheese - Completed 200 undefined
[2017-02-17 12:49:44.301] [INFO] cheese - 

Started 2017-02-17T04:49:44.301Z GET /js/jquery.waypoints.min.js ::1
[2017-02-17 12:49:44.303] [INFO] cheese - Completed 200 undefined
[2017-02-17 12:49:44.307] [INFO] cheese - 

Started 2017-02-17T04:49:44.307Z GET /js/jquery.stellar.min.js ::1
[2017-02-17 12:49:44.308] [INFO] cheese - Completed 200 undefined
[2017-02-17 12:49:44.312] [INFO] cheese - 

Started 2017-02-17T04:49:44.312Z GET /js/owl.carousel.min.js ::1
[2017-02-17 12:49:44.315] [INFO] cheese - Completed 200 undefined
[2017-02-17 12:49:44.318] [INFO] cheese - 

Started 2017-02-17T04:49:44.318Z GET /js/main.js ::1
[2017-02-17 12:49:44.320] [INFO] cheese - Completed 200 undefined
[2017-02-17 12:49:44.324] [INFO] cheese - 

Started 2017-02-17T04:49:44.324Z GET /imgs/se0.png ::1
[2017-02-17 12:49:44.326] [INFO] cheese - Completed 200 undefined
[2017-02-17 12:49:44.329] [INFO] cheese - 

Started 2017-02-17T04:49:44.329Z GET /images/img_2.jpg ::1
[2017-02-17 12:49:44.330] [INFO] cheese - Completed 200 undefined
[2017-02-17 12:49:44.334] [INFO] cheese - 

Started 2017-02-17T04:49:44.334Z GET /images/img_3.jpg ::1
[2017-02-17 12:49:44.336] [INFO] cheese - Completed 200 undefined
[2017-02-17 12:49:44.341] [INFO] cheese - 

Started 2017-02-17T04:49:44.341Z GET /images/person2.jpg ::1
[2017-02-17 12:49:44.343] [INFO] cheese - Completed 200 undefined
[2017-02-17 12:49:44.347] [INFO] cheese - 

Started 2017-02-17T04:49:44.347Z GET /images/person3.jpg ::1
[2017-02-17 12:49:44.348] [INFO] cheese - Completed 200 undefined
[2017-02-17 12:49:44.465] [INFO] cheese - 

Started 2017-02-17T04:49:44.465Z GET /images/full_image_3.jpg ::1
[2017-02-17 12:49:44.468] [INFO] cheese - 

Started 2017-02-17T04:49:44.468Z GET /fonts/simple-line-icons/Simple-Line-Icons.ttf?v=2.2.2 ::1
[2017-02-17 12:49:44.469] [INFO] cheese - 

Started 2017-02-17T04:49:44.469Z GET /fonts/icomoon/icomoon.ttf?srf3rx ::1
[2017-02-17 12:49:44.469] [INFO] cheese - Completed 200 undefined
[2017-02-17 12:49:44.471] [INFO] cheese - Completed 200 undefined
[2017-02-17 12:49:44.474] [INFO] cheese - Completed 200 undefined
[2017-02-17 12:49:44.609] [INFO] cheese - 

Started 2017-02-17T04:49:44.609Z GET /lawers ::1
[2017-02-17 12:49:44.632] [INFO] cheese - Completed 200 undefined
[2017-02-17 12:49:45.262] [INFO] cheese - 

Started 2017-02-17T04:49:45.262Z GET /imgs/favicon.ico ::1
[2017-02-17 12:49:45.263] [INFO] cheese - Completed 200 undefined
[2017-02-17 12:50:39.932] [INFO] cheese - Listening on port 3000
[2017-02-17 12:50:40.078] [INFO] cheese - Mongoose default connection open to mongodb://huangxiaoxu:huangxiaoxu@139.196.83.10:26117/zrxlaw
[2017-02-17 12:52:16.772] [INFO] cheese - Mongoose default connection disconnected
[2017-02-17 12:52:18.430] [INFO] cheese - Listening on port 3000
[2017-02-17 12:52:18.538] [INFO] cheese - Mongoose default connection open to mongodb://huangxiaoxu:huangxiaoxu@139.196.83.10:26117/zrxlaw
[2017-02-17 12:52:33.427] [INFO] cheese - 

Started 2017-02-17 12:52:33 GET / ::1
[2017-02-17 12:53:07.107] [INFO] cheese - Listening on port 3000
[2017-02-17 12:53:07.216] [INFO] cheese - Mongoose default connection open to mongodb://huangxiaoxu:huangxiaoxu@139.196.83.10:26117/zrxlaw
[2017-02-17 12:53:09.077] [INFO] cheese - 

Started 2017-02-17 12:53:09 GET / ::ffff:127.0.0.1
[2017-02-17 12:53:09.109] [INFO] cheese - Completed 200 undefined
[2017-02-17 12:53:09.136] [INFO] cheese - 

Started 2017-02-17 12:53:09 GET /css/google-font.css ::ffff:127.0.0.1
[2017-02-17 12:53:09.137] [INFO] cheese - 

Started 2017-02-17 12:53:09 GET /css/animate.css ::ffff:127.0.0.1
[2017-02-17 12:53:09.144] [INFO] cheese - Completed 200 undefined
[2017-02-17 12:53:09.145] [INFO] cheese - Completed 200 undefined
[2017-02-17 12:53:09.238] [INFO] cheese - 

Started 2017-02-17 12:53:09 GET /css/icomoon.css ::ffff:127.0.0.1
[2017-02-17 12:53:09.239] [INFO] cheese - 

Started 2017-02-17 12:53:09 GET /css/simple-line-icons.css ::ffff:127.0.0.1
[2017-02-17 12:53:09.239] [INFO] cheese - 

Started 2017-02-17 12:53:09 GET /css/owl.carousel.min.css ::ffff:127.0.0.1
[2017-02-17 12:53:09.240] [INFO] cheese - 

Started 2017-02-17 12:53:09 GET /css/bootstrap.css ::ffff:127.0.0.1
[2017-02-17 12:53:09.241] [INFO] cheese - 

Started 2017-02-17 12:53:09 GET /css/owl.theme.default.min.css ::ffff:127.0.0.1
[2017-02-17 12:53:09.241] [INFO] cheese - 

Started 2017-02-17 12:53:09 GET /css/style.css ::ffff:127.0.0.1
[2017-02-17 12:53:09.244] [INFO] cheese - Completed 200 undefined
[2017-02-17 12:53:09.244] [INFO] cheese - Completed 200 undefined
[2017-02-17 12:53:09.245] [INFO] cheese - Completed 200 undefined
[2017-02-17 12:53:09.246] [INFO] cheese - Completed 200 undefined
[2017-02-17 12:53:09.247] [INFO] cheese - Completed 200 undefined
[2017-02-17 12:53:09.247] [INFO] cheese - 

Started 2017-02-17 12:53:09 GET /js/jquery.min.js ::ffff:127.0.0.1
[2017-02-17 12:53:09.251] [INFO] cheese - Completed 200 undefined
[2017-02-17 12:53:09.255] [INFO] cheese - Completed 200 undefined
[2017-02-17 12:53:09.261] [INFO] cheese - 

Started 2017-02-17 12:53:09 GET /js/jquery.easing.1.3.js ::ffff:127.0.0.1
[2017-02-17 12:53:09.263] [INFO] cheese - 

Started 2017-02-17 12:53:09 GET /js/bootstrap.min.js ::ffff:127.0.0.1
[2017-02-17 12:53:09.263] [INFO] cheese - 

Started 2017-02-17 12:53:09 GET /js/jquery.waypoints.min.js ::ffff:127.0.0.1
[2017-02-17 12:53:09.264] [INFO] cheese - 

Started 2017-02-17 12:53:09 GET /js/jquery.stellar.min.js ::ffff:127.0.0.1
[2017-02-17 12:53:09.266] [INFO] cheese - 

Started 2017-02-17 12:53:09 GET /js/owl.carousel.min.js ::ffff:127.0.0.1
[2017-02-17 12:53:09.269] [INFO] cheese - 

Started 2017-02-17 12:53:09 GET /js/main.js ::ffff:127.0.0.1
[2017-02-17 12:53:09.270] [INFO] cheese - Completed 200 undefined
[2017-02-17 12:53:09.271] [INFO] cheese - Completed 200 undefined
[2017-02-17 12:53:09.271] [INFO] cheese - Completed 200 undefined
[2017-02-17 12:53:09.274] [INFO] cheese - Completed 200 undefined
[2017-02-17 12:53:09.274] [INFO] cheese - Completed 200 undefined
[2017-02-17 12:53:09.275] [INFO] cheese - Completed 200 undefined
[2017-02-17 12:53:09.286] [INFO] cheese - 

Started 2017-02-17 12:53:09 GET /imgs/se0.png ::ffff:127.0.0.1
[2017-02-17 12:53:09.286] [INFO] cheese - 

Started 2017-02-17 12:53:09 GET /images/img_2.jpg ::ffff:127.0.0.1
[2017-02-17 12:53:09.287] [INFO] cheese - 

Started 2017-02-17 12:53:09 GET /images/img_3.jpg ::ffff:127.0.0.1
[2017-02-17 12:53:09.288] [INFO] cheese - 

Started 2017-02-17 12:53:09 GET /images/person2.jpg ::ffff:127.0.0.1
[2017-02-17 12:53:09.289] [INFO] cheese - 

Started 2017-02-17 12:53:09 GET /images/person3.jpg ::ffff:127.0.0.1
[2017-02-17 12:53:09.290] [INFO] cheese - Completed 200 undefined
[2017-02-17 12:53:09.293] [INFO] cheese - Completed 200 undefined
[2017-02-17 12:53:09.294] [INFO] cheese - Completed 200 undefined
[2017-02-17 12:53:09.295] [INFO] cheese - Completed 200 undefined
[2017-02-17 12:53:09.296] [INFO] cheese - Completed 200 undefined
[2017-02-17 12:53:09.354] [INFO] cheese - 

Started 2017-02-17 12:53:09 GET /images/full_image_3.jpg ::ffff:127.0.0.1
[2017-02-17 12:53:09.359] [INFO] cheese - Completed 200 undefined
[2017-02-17 12:53:09.362] [INFO] cheese - 

Started 2017-02-17 12:53:09 GET /fonts/simple-line-icons/Simple-Line-Icons.ttf?v=2.2.2 ::ffff:127.0.0.1
[2017-02-17 12:53:09.363] [INFO] cheese - 

Started 2017-02-17 12:53:09 GET /fonts/icomoon/icomoon.ttf?srf3rx ::ffff:127.0.0.1
[2017-02-17 12:53:09.365] [INFO] cheese - Completed 200 undefined
[2017-02-17 12:53:09.369] [INFO] cheese - Completed 200 undefined
[2017-02-17 12:53:09.559] [INFO] cheese - 

Started 2017-02-17 12:53:09 GET /lawers ::ffff:127.0.0.1
[2017-02-17 12:53:09.583] [INFO] cheese - Completed 200 undefined
[2017-02-17 12:53:10.355] [INFO] cheese - 

Started 2017-02-17 12:53:10 GET /imgs/favicon.ico ::ffff:127.0.0.1
[2017-02-17 12:53:10.357] [INFO] cheese - Completed 200 undefined
[2017-02-17 12:55:33.302] [INFO] cheese - Mongoose default connection disconnected
[2017-02-17 12:55:35.041] [INFO] cheese - Listening on port 3000
[2017-02-17 12:55:35.154] [INFO] cheese - Mongoose default connection open to mongodb://huangxiaoxu:huangxiaoxu@139.196.83.10:26117/zrxlaw
[2017-02-17 12:55:36.326] [INFO] cheese - 

Started Fri Feb 17 2017 GET / ::ffff:127.0.0.1
[2017-02-17 12:55:36.360] [INFO] cheese - Completed 200 undefined
[2017-02-17 12:55:36.386] [INFO] cheese - 

Started Fri Feb 17 2017 GET /css/google-font.css ::ffff:127.0.0.1
[2017-02-17 12:55:36.387] [INFO] cheese - 

Started Fri Feb 17 2017 GET /css/animate.css ::ffff:127.0.0.1
[2017-02-17 12:55:36.388] [INFO] cheese - 

Started Fri Feb 17 2017 GET /css/icomoon.css ::ffff:127.0.0.1
[2017-02-17 12:55:36.388] [INFO] cheese - 

Started Fri Feb 17 2017 GET /css/simple-line-icons.css ::ffff:127.0.0.1
[2017-02-17 12:55:36.388] [INFO] cheese - 

Started Fri Feb 17 2017 GET /css/bootstrap.css ::ffff:127.0.0.1
[2017-02-17 12:55:36.389] [INFO] cheese - 

Started Fri Feb 17 2017 GET /css/owl.carousel.min.css ::ffff:127.0.0.1
[2017-02-17 12:55:36.396] [INFO] cheese - Completed 200 undefined
[2017-02-17 12:55:36.397] [INFO] cheese - Completed 200 undefined
[2017-02-17 12:55:36.398] [INFO] cheese - Completed 200 undefined
[2017-02-17 12:55:36.399] [INFO] cheese - Completed 200 undefined
[2017-02-17 12:55:36.400] [INFO] cheese - 

Started Fri Feb 17 2017 GET /css/owl.theme.default.min.css ::ffff:127.0.0.1
[2017-02-17 12:55:36.400] [INFO] cheese - Completed 200 undefined
[2017-02-17 12:55:36.400] [INFO] cheese - 

Started Fri Feb 17 2017 GET /css/style.css ::ffff:127.0.0.1
[2017-02-17 12:55:36.403] [INFO] cheese - Completed 200 undefined
[2017-02-17 12:55:36.403] [INFO] cheese - Completed 200 undefined
[2017-02-17 12:55:36.404] [INFO] cheese - Completed 200 undefined
[2017-02-17 12:55:36.410] [INFO] cheese - 

Started Fri Feb 17 2017 GET /js/jquery.min.js ::ffff:127.0.0.1
[2017-02-17 12:55:36.414] [INFO] cheese - Completed 200 undefined
[2017-02-17 12:55:36.418] [INFO] cheese - 

Started Fri Feb 17 2017 GET /js/jquery.easing.1.3.js ::ffff:127.0.0.1
[2017-02-17 12:55:36.420] [INFO] cheese - Completed 200 undefined
[2017-02-17 12:55:36.425] [INFO] cheese - 

Started Fri Feb 17 2017 GET /js/bootstrap.min.js ::ffff:127.0.0.1
[2017-02-17 12:55:36.426] [INFO] cheese - Completed 200 undefined
[2017-02-17 12:55:36.434] [INFO] cheese - 

Started Fri Feb 17 2017 GET /js/jquery.waypoints.min.js ::ffff:127.0.0.1
[2017-02-17 12:55:36.436] [INFO] cheese - Completed 200 undefined
[2017-02-17 12:55:36.440] [INFO] cheese - 

Started Fri Feb 17 2017 GET /js/jquery.stellar.min.js ::ffff:127.0.0.1
[2017-02-17 12:55:36.442] [INFO] cheese - Completed 200 undefined
[2017-02-17 12:55:36.447] [INFO] cheese - 

Started Fri Feb 17 2017 GET /js/owl.carousel.min.js ::ffff:127.0.0.1
[2017-02-17 12:55:36.450] [INFO] cheese - Completed 200 undefined
[2017-02-17 12:55:36.453] [INFO] cheese - 

Started Fri Feb 17 2017 GET /js/main.js ::ffff:127.0.0.1
[2017-02-17 12:55:36.454] [INFO] cheese - Completed 200 undefined
[2017-02-17 12:55:36.458] [INFO] cheese - 

Started Fri Feb 17 2017 GET /imgs/se0.png ::ffff:127.0.0.1
[2017-02-17 12:55:36.461] [INFO] cheese - Completed 200 undefined
[2017-02-17 12:55:36.464] [INFO] cheese - 

Started Fri Feb 17 2017 GET /images/img_2.jpg ::ffff:127.0.0.1
[2017-02-17 12:55:36.465] [INFO] cheese - Completed 200 undefined
[2017-02-17 12:55:36.469] [INFO] cheese - 

Started Fri Feb 17 2017 GET /images/img_3.jpg ::ffff:127.0.0.1
[2017-02-17 12:55:36.470] [INFO] cheese - Completed 200 undefined
[2017-02-17 12:55:36.475] [INFO] cheese - 

Started Fri Feb 17 2017 GET /images/person2.jpg ::ffff:127.0.0.1
[2017-02-17 12:55:36.477] [INFO] cheese - Completed 200 undefined
[2017-02-17 12:55:36.481] [INFO] cheese - 

Started Fri Feb 17 2017 GET /images/person3.jpg ::ffff:127.0.0.1
[2017-02-17 12:55:36.484] [INFO] cheese - Completed 200 undefined
[2017-02-17 12:55:36.599] [INFO] cheese - 

Started Fri Feb 17 2017 GET /images/full_image_3.jpg ::ffff:127.0.0.1
[2017-02-17 12:55:36.601] [INFO] cheese - Completed 200 undefined
[2017-02-17 12:55:36.604] [INFO] cheese - 

Started Fri Feb 17 2017 GET /fonts/simple-line-icons/Simple-Line-Icons.ttf?v=2.2.2 ::ffff:127.0.0.1
[2017-02-17 12:55:36.610] [INFO] cheese - Completed 200 undefined
[2017-02-17 12:55:36.616] [INFO] cheese - 

Started Fri Feb 17 2017 GET /fonts/icomoon/icomoon.ttf?srf3rx ::ffff:127.0.0.1
[2017-02-17 12:55:36.622] [INFO] cheese - Completed 200 undefined
[2017-02-17 12:55:36.691] [INFO] cheese - 

Started Fri Feb 17 2017 GET /lawers ::ffff:127.0.0.1
[2017-02-17 12:55:36.716] [INFO] cheese - Completed 200 undefined
[2017-02-17 12:55:38.332] [INFO] cheese - 

Started Fri Feb 17 2017 GET /imgs/favicon.ico ::ffff:127.0.0.1
[2017-02-17 12:55:38.333] [INFO] cheese - Completed 200 undefined
[2017-02-17 12:55:46.345] [INFO] cheese - Mongoose default connection disconnected
[2017-02-17 12:55:48.076] [INFO] cheese - Listening on port 3000
[2017-02-17 12:55:48.200] [INFO] cheese - Mongoose default connection open to mongodb://huangxiaoxu:huangxiaoxu@139.196.83.10:26117/zrxlaw
[2017-02-17 12:55:49.735] [INFO] cheese - 

Started 2017-02-17 GET / ::ffff:127.0.0.1
[2017-02-17 12:55:49.768] [INFO] cheese - Completed 200 undefined
[2017-02-17 12:55:49.794] [INFO] cheese - 

Started 2017-02-17 GET /css/google-font.css ::ffff:127.0.0.1
[2017-02-17 12:55:49.795] [INFO] cheese - 

Started 2017-02-17 GET /css/animate.css ::ffff:127.0.0.1
[2017-02-17 12:55:49.795] [INFO] cheese - 

Started 2017-02-17 GET /css/icomoon.css ::ffff:127.0.0.1
[2017-02-17 12:55:49.796] [INFO] cheese - 

Started 2017-02-17 GET /css/simple-line-icons.css ::ffff:127.0.0.1
[2017-02-17 12:55:49.796] [INFO] cheese - 

Started 2017-02-17 GET /css/bootstrap.css ::ffff:127.0.0.1
[2017-02-17 12:55:49.797] [INFO] cheese - 

Started 2017-02-17 GET /css/owl.carousel.min.css ::ffff:127.0.0.1
[2017-02-17 12:55:49.805] [INFO] cheese - Completed 200 undefined
[2017-02-17 12:55:49.807] [INFO] cheese - Completed 200 undefined
[2017-02-17 12:55:49.808] [INFO] cheese - Completed 200 undefined
[2017-02-17 12:55:49.809] [INFO] cheese - Completed 200 undefined
[2017-02-17 12:55:49.809] [INFO] cheese - 

Started 2017-02-17 GET /css/owl.theme.default.min.css ::ffff:127.0.0.1
[2017-02-17 12:55:49.810] [INFO] cheese - 

Started 2017-02-17 GET /css/style.css ::ffff:127.0.0.1
[2017-02-17 12:55:49.811] [INFO] cheese - Completed 200 undefined
[2017-02-17 12:55:49.814] [INFO] cheese - Completed 200 undefined
[2017-02-17 12:55:49.814] [INFO] cheese - Completed 200 undefined
[2017-02-17 12:55:49.815] [INFO] cheese - Completed 200 undefined
[2017-02-17 12:55:49.821] [INFO] cheese - 

Started 2017-02-17 GET /js/jquery.min.js ::ffff:127.0.0.1
[2017-02-17 12:55:49.823] [INFO] cheese - Completed 200 undefined
[2017-02-17 12:55:49.826] [INFO] cheese - 

Started 2017-02-17 GET /js/jquery.easing.1.3.js ::ffff:127.0.0.1
[2017-02-17 12:55:49.829] [INFO] cheese - Completed 200 undefined
[2017-02-17 12:55:49.834] [INFO] cheese - 

Started 2017-02-17 GET /js/bootstrap.min.js ::ffff:127.0.0.1
[2017-02-17 12:55:49.835] [INFO] cheese - Completed 200 undefined
[2017-02-17 12:55:49.839] [INFO] cheese - 

Started 2017-02-17 GET /js/jquery.waypoints.min.js ::ffff:127.0.0.1
[2017-02-17 12:55:49.841] [INFO] cheese - Completed 200 undefined
[2017-02-17 12:55:49.844] [INFO] cheese - 

Started 2017-02-17 GET /js/jquery.stellar.min.js ::ffff:127.0.0.1
[2017-02-17 12:55:49.846] [INFO] cheese - Completed 200 undefined
[2017-02-17 12:55:49.850] [INFO] cheese - 

Started 2017-02-17 GET /js/owl.carousel.min.js ::ffff:127.0.0.1
[2017-02-17 12:55:49.853] [INFO] cheese - Completed 200 undefined
[2017-02-17 12:55:49.857] [INFO] cheese - 

Started 2017-02-17 GET /js/main.js ::ffff:127.0.0.1
[2017-02-17 12:55:49.858] [INFO] cheese - Completed 200 undefined
[2017-02-17 12:55:49.863] [INFO] cheese - 

Started 2017-02-17 GET /imgs/se0.png ::ffff:127.0.0.1
[2017-02-17 12:55:49.865] [INFO] cheese - Completed 200 undefined
[2017-02-17 12:55:49.869] [INFO] cheese - 

Started 2017-02-17 GET /images/img_2.jpg ::ffff:127.0.0.1
[2017-02-17 12:55:49.869] [INFO] cheese - Completed 200 undefined
[2017-02-17 12:55:49.873] [INFO] cheese - 

Started 2017-02-17 GET /images/img_3.jpg ::ffff:127.0.0.1
[2017-02-17 12:55:49.875] [INFO] cheese - Completed 200 undefined
[2017-02-17 12:55:49.880] [INFO] cheese - 

Started 2017-02-17 GET /images/person2.jpg ::ffff:127.0.0.1
[2017-02-17 12:55:49.881] [INFO] cheese - Completed 200 undefined
[2017-02-17 12:55:49.886] [INFO] cheese - 

Started 2017-02-17 GET /images/person3.jpg ::ffff:127.0.0.1
[2017-02-17 12:55:49.889] [INFO] cheese - Completed 200 undefined
[2017-02-17 12:55:49.987] [INFO] cheese - 

Started 2017-02-17 GET /images/full_image_3.jpg ::ffff:127.0.0.1
[2017-02-17 12:55:49.989] [INFO] cheese - 

Started 2017-02-17 GET /fonts/simple-line-icons/Simple-Line-Icons.ttf?v=2.2.2 ::ffff:127.0.0.1
[2017-02-17 12:55:49.990] [INFO] cheese - Completed 200 undefined
[2017-02-17 12:55:49.992] [INFO] cheese - Completed 200 undefined
[2017-02-17 12:55:49.994] [INFO] cheese - 

Started 2017-02-17 GET /fonts/icomoon/icomoon.ttf?srf3rx ::ffff:127.0.0.1
[2017-02-17 12:55:49.999] [INFO] cheese - Completed 200 undefined
[2017-02-17 12:55:50.057] [INFO] cheese - 

Started 2017-02-17 GET /lawers ::ffff:127.0.0.1
[2017-02-17 12:55:50.080] [INFO] cheese - Completed 200 undefined
[2017-02-17 12:55:51.095] [INFO] cheese - 

Started 2017-02-17 GET /imgs/favicon.ico ::ffff:127.0.0.1
[2017-02-17 12:55:51.097] [INFO] cheese - Completed 200 undefined
